<?xml version="1.0" encoding="UTF-8"?>
<!-- Generated by org.testng.reporters.JUnitReportReporter -->
<testsuite hostname="DESKTOP-I4G83GU" failures="0" tests="1" name="testClasses.CompareProjectsTest" time="26.557" errors="0" timestamp="2024-08-29T09:04:18 IST" skipped="0">
  <testcase classname="testClasses.CompareProjectsTest" name="compareProjects" time="26.557"/>
</testsuite> <!-- testClasses.CompareProjectsTest -->
