<?xml version="1.0" encoding="UTF-8"?>
<!-- Generated by org.testng.reporters.JUnitReportReporter -->
<testsuite hostname="DESKTOP-I4G83GU" failures="0" tests="1" name="testClasses.LoginTest" time="47.395" errors="0" timestamp="2024-08-30T16:16:21 IST" skipped="0">
  <testcase classname="testClasses.LoginTest" name="logIn" time="47.395"/>
</testsuite> <!-- testClasses.LoginTest -->
