<?xml version="1.0" encoding="UTF-8"?>
<!-- Generated by org.testng.reporters.JUnitReportReporter -->
<testsuite hostname="DESKTOP-I4G83GU" failures="0" tests="1" name="testClasses.FiltersTest" time="10.104" errors="0" timestamp="2024-09-03T12:27:29 IST" skipped="0">
  <testcase classname="testClasses.FiltersTest" name="projectStatus" time="10.104"/>
</testsuite> <!-- testClasses.FiltersTest -->
