<?xml version="1.0" encoding="UTF-8"?>
<!-- Generated by org.testng.reporters.JUnitReportReporter -->
<testsuite hostname="DESKTOP-I4G83GU" failures="0" tests="1" name="testClasses.LandingPageLinksTest" time="7.633" errors="0" timestamp="2024-08-30T14:42:54 IST" skipped="0">
  <testcase classname="testClasses.LandingPageLinksTest" name="ExploreMore" time="7.633"/>
</testsuite> <!-- testClasses.LandingPageLinksTest -->
